<?xml version="1.0" encoding="UTF-8"?>
<testng-results skipped="0" failed="0" total="1" passed="1">
  <reporter-output>
  </reporter-output>
  <suite name="Default suite" duration-ms="53199" started-at="2017-05-15T16:29:43Z" finished-at="2017-05-15T16:30:36Z">
    <groups>
    </groups>
    <test name="Default test" duration-ms="53199" started-at="2017-05-15T16:29:43Z" finished-at="2017-05-15T16:30:36Z">
      <class name="android.section4_27_HandleMultiplaSimilarObjsWithIndex">
        <test-method status="PASS" signature="setUp()[pri:0, instance:android.section4_27_HandleMultiplaSimilarObjsWithIndex@76908cc0]" name="setUp" is-config="true" duration-ms="20115" started-at="2017-05-15T23:29:43Z" finished-at="2017-05-15T23:30:03Z">
          <reporter-output>
          </reporter-output>
        </test-method> <!-- setUp -->
        <test-method status="PASS" signature="handerMultipleObjsWithIndex()[pri:0, instance:android.section4_27_HandleMultiplaSimilarObjsWithIndex@76908cc0]" name="handerMultipleObjsWithIndex" duration-ms="31887" started-at="2017-05-15T23:30:03Z" finished-at="2017-05-15T23:30:35Z">
          <reporter-output>
          </reporter-output>
        </test-method> <!-- handerMultipleObjsWithIndex -->
        <test-method status="PASS" signature="afterTest()[pri:0, instance:android.section4_27_HandleMultiplaSimilarObjsWithIndex@76908cc0]" name="afterTest" is-config="true" duration-ms="1180" started-at="2017-05-15T23:30:35Z" finished-at="2017-05-15T23:30:36Z">
          <reporter-output>
          </reporter-output>
        </test-method> <!-- afterTest -->
      </class> <!-- android.section4_27_HandleMultiplaSimilarObjsWithIndex -->
    </test> <!-- Default test -->
  </suite> <!-- Default suite -->
</testng-results>
