<?xml version="1.0" encoding="UTF-8"?>
<testng-results skipped="0" failed="0" total="2" passed="2">
  <reporter-output>
  </reporter-output>
  <suite name="Default suite" duration-ms="214355" started-at="2017-05-15T15:34:09Z" finished-at="2017-05-15T15:37:43Z">
    <groups>
    </groups>
    <test name="Default test" duration-ms="214355" started-at="2017-05-15T15:34:09Z" finished-at="2017-05-15T15:37:43Z">
      <class name="android.driverSwipe">
        <test-method status="PASS" signature="setUp()[pri:0, instance:android.driverSwipe@48e4374]" name="setUp" is-config="true" duration-ms="89106" started-at="2017-05-15T22:34:09Z" finished-at="2017-05-15T22:35:38Z">
          <reporter-output>
          </reporter-output>
        </test-method> <!-- setUp -->
        <test-method status="PASS" signature="horizontallySwipe()[pri:0, instance:android.driverSwipe@48e4374]" name="horizontallySwipe" duration-ms="57618" started-at="2017-05-15T22:35:38Z" finished-at="2017-05-15T22:36:36Z">
          <reporter-output>
          </reporter-output>
        </test-method> <!-- horizontallySwipe -->
        <test-method status="PASS" signature="verticallySwipe()[pri:0, instance:android.driverSwipe@48e4374]" name="verticallySwipe" duration-ms="66512" started-at="2017-05-15T22:36:36Z" finished-at="2017-05-15T22:37:42Z">
          <reporter-output>
          </reporter-output>
        </test-method> <!-- verticallySwipe -->
        <test-method status="PASS" signature="afterTest()[pri:0, instance:android.driverSwipe@48e4374]" name="afterTest" is-config="true" duration-ms="1079" started-at="2017-05-15T22:37:42Z" finished-at="2017-05-15T22:37:43Z">
          <reporter-output>
          </reporter-output>
        </test-method> <!-- afterTest -->
      </class> <!-- android.driverSwipe -->
    </test> <!-- Default test -->
  </suite> <!-- Default suite -->
</testng-results>
